<?xml version="1.0" encoding="UTF-8"?>
<coverage generated="1666238872379" clover="3.2.0">
  <project timestamp="1666238872379" name="All files">
    <metrics statements="141" coveredstatements="83" conditionals="10" coveredconditionals="9" methods="60" coveredmethods="18" elements="211" coveredelements="110" complexity="0" loc="141" ncloc="141" packages="4" files="4" classes="4"/>
    <package name="server">
      <metrics statements="28" coveredstatements="21" conditionals="0" coveredconditionals="0" methods="10" coveredmethods="3"/>
      <file name="index.js" path="/Users/uchchas/Documents/hackreactor/sdc/questions-and-answers/server/index.js">
        <metrics statements="28" coveredstatements="21" conditionals="0" coveredconditionals="0" methods="10" coveredmethods="3"/>
        <line num="1" count="1" type="stmt"/>
        <line num="2" count="1" type="stmt"/>
        <line num="3" count="1" type="stmt"/>
        <line num="4" count="1" type="stmt"/>
        <line num="5" count="1" type="stmt"/>
        <line num="6" count="1" type="stmt"/>
        <line num="8" count="1" type="stmt"/>
        <line num="10" count="1" type="stmt"/>
        <line num="11" count="0" type="stmt"/>
        <line num="18" count="1" type="stmt"/>
        <line num="19" count="1" type="stmt"/>
        <line num="26" count="1" type="stmt"/>
        <line num="27" count="1" type="stmt"/>
        <line num="33" count="1" type="stmt"/>
        <line num="34" count="0" type="stmt"/>
        <line num="41" count="1" type="stmt"/>
        <line num="42" count="0" type="stmt"/>
        <line num="48" count="1" type="stmt"/>
        <line num="49" count="0" type="stmt"/>
        <line num="55" count="1" type="stmt"/>
        <line num="56" count="0" type="stmt"/>
        <line num="62" count="1" type="stmt"/>
        <line num="63" count="0" type="stmt"/>
        <line num="69" count="1" type="stmt"/>
        <line num="70" count="0" type="stmt"/>
        <line num="73" count="1" type="stmt"/>
        <line num="74" count="1" type="stmt"/>
        <line num="77" count="1" type="stmt"/>
      </file>
    </package>
    <package name="server.controllers">
      <metrics statements="58" coveredstatements="23" conditionals="8" coveredconditionals="7" methods="32" coveredmethods="6"/>
      <file name="controllers.js" path="/Users/uchchas/Documents/hackreactor/sdc/questions-and-answers/server/controllers/controllers.js">
        <metrics statements="58" coveredstatements="23" conditionals="8" coveredconditionals="7" methods="32" coveredmethods="6"/>
        <line num="1" count="1" type="stmt"/>
        <line num="3" count="1" type="stmt"/>
        <line num="4" count="1" type="stmt"/>
        <line num="5" count="1" type="stmt"/>
        <line num="6" count="1" type="cond" truecount="2" falsecount="0"/>
        <line num="7" count="1" type="cond" truecount="1" falsecount="1"/>
        <line num="9" count="1" type="stmt"/>
        <line num="11" count="1" type="stmt"/>
        <line num="14" count="0" type="stmt"/>
        <line num="19" count="1" type="stmt"/>
        <line num="20" count="1" type="stmt"/>
        <line num="21" count="1" type="stmt"/>
        <line num="22" count="1" type="cond" truecount="2" falsecount="0"/>
        <line num="23" count="1" type="cond" truecount="2" falsecount="0"/>
        <line num="24" count="1" type="stmt"/>
        <line num="31" count="1" type="stmt"/>
        <line num="33" count="1" type="stmt"/>
        <line num="34" count="1" type="stmt"/>
        <line num="37" count="0" type="stmt"/>
        <line num="42" count="1" type="stmt"/>
        <line num="43" count="0" type="stmt"/>
        <line num="44" count="0" type="stmt"/>
        <line num="45" count="0" type="stmt"/>
        <line num="46" count="0" type="stmt"/>
        <line num="47" count="0" type="stmt"/>
        <line num="49" count="0" type="stmt"/>
        <line num="51" count="0" type="stmt"/>
        <line num="54" count="0" type="stmt"/>
        <line num="59" count="1" type="stmt"/>
        <line num="60" count="0" type="stmt"/>
        <line num="61" count="0" type="stmt"/>
        <line num="62" count="0" type="stmt"/>
        <line num="63" count="0" type="stmt"/>
        <line num="64" count="0" type="stmt"/>
        <line num="65" count="0" type="stmt"/>
        <line num="67" count="0" type="stmt"/>
        <line num="69" count="0" type="stmt"/>
        <line num="72" count="0" type="stmt"/>
        <line num="77" count="1" type="stmt"/>
        <line num="78" count="0" type="stmt"/>
        <line num="79" count="0" type="stmt"/>
        <line num="81" count="0" type="stmt"/>
        <line num="84" count="0" type="stmt"/>
        <line num="89" count="1" type="stmt"/>
        <line num="90" count="0" type="stmt"/>
        <line num="91" count="0" type="stmt"/>
        <line num="93" count="0" type="stmt"/>
        <line num="96" count="0" type="stmt"/>
        <line num="101" count="1" type="stmt"/>
        <line num="102" count="0" type="stmt"/>
        <line num="103" count="0" type="stmt"/>
        <line num="105" count="0" type="stmt"/>
        <line num="108" count="0" type="stmt"/>
        <line num="113" count="1" type="stmt"/>
        <line num="114" count="0" type="stmt"/>
        <line num="115" count="0" type="stmt"/>
        <line num="117" count="0" type="stmt"/>
        <line num="120" count="0" type="stmt"/>
      </file>
    </package>
    <package name="server.db">
      <metrics statements="4" coveredstatements="4" conditionals="0" coveredconditionals="0" methods="0" coveredmethods="0"/>
      <file name="postgres.js" path="/Users/uchchas/Documents/hackreactor/sdc/questions-and-answers/server/db/postgres.js">
        <metrics statements="4" coveredstatements="4" conditionals="0" coveredconditionals="0" methods="0" coveredmethods="0"/>
        <line num="8" count="1" type="stmt"/>
        <line num="9" count="1" type="stmt"/>
        <line num="11" count="1" type="stmt"/>
        <line num="19" count="1" type="stmt"/>
      </file>
    </package>
    <package name="server.models">
      <metrics statements="51" coveredstatements="35" conditionals="2" coveredconditionals="2" methods="18" coveredmethods="9"/>
      <file name="models.js" path="/Users/uchchas/Documents/hackreactor/sdc/questions-and-answers/server/models/models.js">
        <metrics statements="51" coveredstatements="35" conditionals="2" coveredconditionals="2" methods="18" coveredmethods="9"/>
        <line num="3" count="1" type="stmt"/>
        <line num="5" count="1" type="stmt"/>
        <line num="6" count="1" type="stmt"/>
        <line num="18" count="1" type="stmt"/>
        <line num="28" count="1" type="stmt"/>
        <line num="34" count="1" type="stmt"/>
        <line num="35" count="1" type="stmt"/>
        <line num="36" count="1" type="stmt"/>
        <line num="42" count="1" type="stmt"/>
        <line num="44" count="1" type="stmt"/>
        <line num="45" count="4" type="stmt"/>
        <line num="47" count="4" type="stmt"/>
        <line num="49" count="4" type="stmt"/>
        <line num="50" count="4" type="stmt"/>
        <line num="51" count="12" type="stmt"/>
        <line num="52" count="12" type="stmt"/>
        <line num="55" count="12" type="stmt"/>
        <line num="57" count="12" type="cond" truecount="2" falsecount="0"/>
        <line num="58" count="2" type="stmt"/>
        <line num="59" count="2" type="stmt"/>
        <line num="60" count="5" type="stmt"/>
        <line num="63" count="10" type="stmt"/>
        <line num="67" count="4" type="stmt"/>
        <line num="70" count="1" type="stmt"/>
        <line num="71" count="1" type="stmt"/>
        <line num="73" count="1" type="stmt"/>
        <line num="77" count="1" type="stmt"/>
        <line num="78" count="1" type="stmt"/>
        <line num="97" count="1" type="stmt"/>
        <line num="100" count="1" type="stmt"/>
        <line num="101" count="0" type="stmt"/>
        <line num="114" count="0" type="stmt"/>
        <line num="117" count="1" type="stmt"/>
        <line num="118" count="0" type="stmt"/>
        <line num="131" count="0" type="stmt"/>
        <line num="138" count="0" type="stmt"/>
        <line num="139" count="0" type="stmt"/>
        <line num="141" count="0" type="stmt"/>
        <line num="144" count="0" type="stmt"/>
        <line num="150" count="1" type="stmt"/>
        <line num="151" count="0" type="stmt"/>
        <line num="156" count="0" type="stmt"/>
        <line num="159" count="1" type="stmt"/>
        <line num="160" count="0" type="stmt"/>
        <line num="165" count="0" type="stmt"/>
        <line num="168" count="1" type="stmt"/>
        <line num="169" count="0" type="stmt"/>
        <line num="174" count="0" type="stmt"/>
        <line num="177" count="1" type="stmt"/>
        <line num="178" count="0" type="stmt"/>
        <line num="183" count="0" type="stmt"/>
      </file>
    </package>
  </project>
</coverage>
