{"/Users/uchchas/Documents/hackreactor/sdc/questions-and-answers/server/index.js": {"path":"/Users/uchchas/Documents/hackreactor/sdc/questions-and-answers/server/index.js","statementMap":{"0":{"start":{"line":1,"column":0},"end":{"line":1,"column":27}},"1":{"start":{"line":2,"column":16},"end":{"line":2,"column":34}},"2":{"start":{"line":3,"column":12},"end":{"line":3,"column":21}},"3":{"start":{"line":4,"column":13},"end":{"line":4,"column":29}},"4":{"start":{"line":5,"column":13},"end":{"line":5,"column":28}},"5":{"start":{"line":6,"column":20},"end":{"line":6,"column":59}},"6":{"start":{"line":8,"column":0},"end":{"line":8,"column":23}},"7":{"start":{"line":10,"column":0},"end":{"line":12,"column":3}},"8":{"start":{"line":11,"column":2},"end":{"line":11,"column":49}},"9":{"start":{"line":18,"column":0},"end":{"line":20,"column":3}},"10":{"start":{"line":19,"column":2},"end":{"line":19,"column":35}},"11":{"start":{"line":26,"column":0},"end":{"line":28,"column":3}},"12":{"start":{"line":27,"column":2},"end":{"line":27,"column":37}},"13":{"start":{"line":33,"column":0},"end":{"line":35,"column":3}},"14":{"start":{"line":34,"column":2},"end":{"line":34,"column":34}},"15":{"start":{"line":41,"column":0},"end":{"line":43,"column":3}},"16":{"start":{"line":42,"column":2},"end":{"line":42,"column":36}},"17":{"start":{"line":48,"column":0},"end":{"line":50,"column":3}},"18":{"start":{"line":49,"column":2},"end":{"line":49,"column":40}},"19":{"start":{"line":55,"column":0},"end":{"line":57,"column":3}},"20":{"start":{"line":56,"column":2},"end":{"line":56,"column":39}},"21":{"start":{"line":62,"column":0},"end":{"line":64,"column":3}},"22":{"start":{"line":63,"column":2},"end":{"line":63,"column":38}},"23":{"start":{"line":69,"column":0},"end":{"line":71,"column":3}},"24":{"start":{"line":70,"column":2},"end":{"line":70,"column":37}},"25":{"start":{"line":73,"column":0},"end":{"line":75,"column":3}},"26":{"start":{"line":74,"column":2},"end":{"line":74,"column":55}},"27":{"start":{"line":77,"column":0},"end":{"line":77,"column":21}}},"fnMap":{"0":{"name":"(anonymous_0)","decl":{"start":{"line":10,"column":15},"end":{"line":10,"column":16}},"loc":{"start":{"line":10,"column":29},"end":{"line":12,"column":1}},"line":10},"1":{"name":"(anonymous_1)","decl":{"start":{"line":18,"column":46},"end":{"line":18,"column":47}},"loc":{"start":{"line":18,"column":60},"end":{"line":20,"column":1}},"line":18},"2":{"name":"(anonymous_2)","decl":{"start":{"line":26,"column":25},"end":{"line":26,"column":26}},"loc":{"start":{"line":26,"column":39},"end":{"line":28,"column":1}},"line":26},"3":{"name":"(anonymous_3)","decl":{"start":{"line":33,"column":47},"end":{"line":33,"column":48}},"loc":{"start":{"line":33,"column":61},"end":{"line":35,"column":1}},"line":33},"4":{"name":"(anonymous_4)","decl":{"start":{"line":41,"column":26},"end":{"line":41,"column":27}},"loc":{"start":{"line":41,"column":40},"end":{"line":43,"column":1}},"line":41},"5":{"name":"(anonymous_5)","decl":{"start":{"line":48,"column":46},"end":{"line":48,"column":47}},"loc":{"start":{"line":48,"column":60},"end":{"line":50,"column":1}},"line":48},"6":{"name":"(anonymous_6)","decl":{"start":{"line":55,"column":45},"end":{"line":55,"column":46}},"loc":{"start":{"line":55,"column":59},"end":{"line":57,"column":1}},"line":55},"7":{"name":"(anonymous_7)","decl":{"start":{"line":62,"column":42},"end":{"line":62,"column":43}},"loc":{"start":{"line":62,"column":56},"end":{"line":64,"column":1}},"line":62},"8":{"name":"(anonymous_8)","decl":{"start":{"line":69,"column":41},"end":{"line":69,"column":42}},"loc":{"start":{"line":69,"column":55},"end":{"line":71,"column":1}},"line":69},"9":{"name":"(anonymous_9)","decl":{"start":{"line":73,"column":17},"end":{"line":73,"column":18}},"loc":{"start":{"line":73,"column":23},"end":{"line":75,"column":1}},"line":73}},"branchMap":{},"s":{"0":1,"1":1,"2":1,"3":1,"4":1,"5":1,"6":1,"7":1,"8":0,"9":1,"10":1,"11":1,"12":1,"13":1,"14":0,"15":1,"16":0,"17":1,"18":0,"19":1,"20":0,"21":1,"22":0,"23":1,"24":0,"25":1,"26":1,"27":1},"f":{"0":0,"1":1,"2":1,"3":0,"4":0,"5":0,"6":0,"7":0,"8":0,"9":1},"b":{},"_coverageSchema":"1a1c01bbd47fc00a2c39e90264f33305004495a9","hash":"d5d2f1b86016cdd4477c15adf1065f13ac98bd3b"}
,"/Users/uchchas/Documents/hackreactor/sdc/questions-and-answers/server/controllers/controllers.js": {"path":"/Users/uchchas/Documents/hackreactor/sdc/questions-and-answers/server/controllers/controllers.js","statementMap":{"0":{"start":{"line":1,"column":15},"end":{"line":1,"column":45}},"1":{"start":{"line":3,"column":0},"end":{"line":17,"column":1}},"2":{"start":{"line":4,"column":2},"end":{"line":16,"column":4}},"3":{"start":{"line":5,"column":20},"end":{"line":5,"column":40}},"4":{"start":{"line":6,"column":15},"end":{"line":6,"column":34}},"5":{"start":{"line":7,"column":16},"end":{"line":7,"column":36}},"6":{"start":{"line":9,"column":4},"end":{"line":15,"column":9}},"7":{"start":{"line":11,"column":8},"end":{"line":11,"column":46}},"8":{"start":{"line":14,"column":8},"end":{"line":14,"column":68}},"9":{"start":{"line":19,"column":0},"end":{"line":40,"column":1}},"10":{"start":{"line":20,"column":2},"end":{"line":39,"column":4}},"11":{"start":{"line":21,"column":21},"end":{"line":21,"column":43}},"12":{"start":{"line":22,"column":15},"end":{"line":22,"column":34}},"13":{"start":{"line":23,"column":16},"end":{"line":23,"column":36}},"14":{"start":{"line":24,"column":20},"end":{"line":29,"column":5}},"15":{"start":{"line":31,"column":4},"end":{"line":38,"column":8}},"16":{"start":{"line":33,"column":8},"end":{"line":33,"column":35}},"17":{"start":{"line":34,"column":8},"end":{"line":34,"column":49}},"18":{"start":{"line":37,"column":8},"end":{"line":37,"column":66}},"19":{"start":{"line":42,"column":0},"end":{"line":57,"column":1}},"20":{"start":{"line":43,"column":2},"end":{"line":56,"column":4}},"21":{"start":{"line":44,"column":15},"end":{"line":44,"column":28}},"22":{"start":{"line":45,"column":15},"end":{"line":45,"column":28}},"23":{"start":{"line":46,"column":16},"end":{"line":46,"column":30}},"24":{"start":{"line":47,"column":21},"end":{"line":47,"column":40}},"25":{"start":{"line":49,"column":4},"end":{"line":55,"column":8}},"26":{"start":{"line":51,"column":8},"end":{"line":51,"column":46}},"27":{"start":{"line":54,"column":8},"end":{"line":54,"column":64}},"28":{"start":{"line":59,"column":0},"end":{"line":75,"column":1}},"29":{"start":{"line":60,"column":2},"end":{"line":74,"column":4}},"30":{"start":{"line":61,"column":22},"end":{"line":61,"column":44}},"31":{"start":{"line":62,"column":15},"end":{"line":62,"column":28}},"32":{"start":{"line":63,"column":15},"end":{"line":63,"column":28}},"33":{"start":{"line":64,"column":16},"end":{"line":64,"column":30}},"34":{"start":{"line":65,"column":17},"end":{"line":65,"column":32}},"35":{"start":{"line":67,"column":4},"end":{"line":73,"column":8}},"36":{"start":{"line":69,"column":8},"end":{"line":69,"column":46}},"37":{"start":{"line":72,"column":8},"end":{"line":72,"column":62}},"38":{"start":{"line":77,"column":0},"end":{"line":87,"column":1}},"39":{"start":{"line":78,"column":2},"end":{"line":86,"column":4}},"40":{"start":{"line":79,"column":4},"end":{"line":85,"column":8}},"41":{"start":{"line":81,"column":8},"end":{"line":81,"column":40}},"42":{"start":{"line":84,"column":8},"end":{"line":84,"column":67}},"43":{"start":{"line":89,"column":0},"end":{"line":99,"column":1}},"44":{"start":{"line":90,"column":2},"end":{"line":98,"column":4}},"45":{"start":{"line":91,"column":4},"end":{"line":97,"column":8}},"46":{"start":{"line":93,"column":8},"end":{"line":93,"column":40}},"47":{"start":{"line":96,"column":8},"end":{"line":96,"column":67}},"48":{"start":{"line":101,"column":0},"end":{"line":111,"column":1}},"49":{"start":{"line":102,"column":2},"end":{"line":110,"column":4}},"50":{"start":{"line":103,"column":4},"end":{"line":109,"column":8}},"51":{"start":{"line":105,"column":8},"end":{"line":105,"column":40}},"52":{"start":{"line":108,"column":8},"end":{"line":108,"column":65}},"53":{"start":{"line":113,"column":0},"end":{"line":123,"column":1}},"54":{"start":{"line":114,"column":2},"end":{"line":122,"column":4}},"55":{"start":{"line":115,"column":4},"end":{"line":121,"column":8}},"56":{"start":{"line":117,"column":8},"end":{"line":117,"column":40}},"57":{"start":{"line":120,"column":8},"end":{"line":120,"column":65}}},"fnMap":{"0":{"name":"(anonymous_0)","decl":{"start":{"line":3,"column":23},"end":{"line":3,"column":24}},"loc":{"start":{"line":3,"column":43},"end":{"line":17,"column":1}},"line":3},"1":{"name":"(anonymous_1)","decl":{"start":{"line":4,"column":31},"end":{"line":4,"column":32}},"loc":{"start":{"line":4,"column":52},"end":{"line":16,"column":3}},"line":4},"2":{"name":"(anonymous_2)","decl":{"start":{"line":10,"column":12},"end":{"line":10,"column":13}},"loc":{"start":{"line":10,"column":22},"end":{"line":12,"column":7}},"line":10},"3":{"name":"(anonymous_3)","decl":{"start":{"line":13,"column":13},"end":{"line":13,"column":14}},"loc":{"start":{"line":13,"column":20},"end":{"line":15,"column":7}},"line":13},"4":{"name":"(anonymous_4)","decl":{"start":{"line":19,"column":21},"end":{"line":19,"column":22}},"loc":{"start":{"line":19,"column":35},"end":{"line":40,"column":1}},"line":19},"5":{"name":"(anonymous_5)","decl":{"start":{"line":20,"column":31},"end":{"line":20,"column":32}},"loc":{"start":{"line":20,"column":52},"end":{"line":39,"column":3}},"line":20},"6":{"name":"(anonymous_6)","decl":{"start":{"line":32,"column":12},"end":{"line":32,"column":13}},"loc":{"start":{"line":32,"column":22},"end":{"line":35,"column":7}},"line":32},"7":{"name":"(anonymous_7)","decl":{"start":{"line":36,"column":13},"end":{"line":36,"column":14}},"loc":{"start":{"line":36,"column":20},"end":{"line":38,"column":7}},"line":36},"8":{"name":"(anonymous_8)","decl":{"start":{"line":42,"column":22},"end":{"line":42,"column":23}},"loc":{"start":{"line":42,"column":36},"end":{"line":57,"column":1}},"line":42},"9":{"name":"(anonymous_9)","decl":{"start":{"line":43,"column":31},"end":{"line":43,"column":32}},"loc":{"start":{"line":43,"column":52},"end":{"line":56,"column":3}},"line":43},"10":{"name":"(anonymous_10)","decl":{"start":{"line":50,"column":12},"end":{"line":50,"column":13}},"loc":{"start":{"line":50,"column":22},"end":{"line":52,"column":7}},"line":50},"11":{"name":"(anonymous_11)","decl":{"start":{"line":53,"column":13},"end":{"line":53,"column":14}},"loc":{"start":{"line":53,"column":20},"end":{"line":55,"column":7}},"line":53},"12":{"name":"(anonymous_12)","decl":{"start":{"line":59,"column":20},"end":{"line":59,"column":21}},"loc":{"start":{"line":59,"column":34},"end":{"line":75,"column":1}},"line":59},"13":{"name":"(anonymous_13)","decl":{"start":{"line":60,"column":31},"end":{"line":60,"column":32}},"loc":{"start":{"line":60,"column":52},"end":{"line":74,"column":3}},"line":60},"14":{"name":"(anonymous_14)","decl":{"start":{"line":68,"column":12},"end":{"line":68,"column":13}},"loc":{"start":{"line":68,"column":22},"end":{"line":70,"column":7}},"line":68},"15":{"name":"(anonymous_15)","decl":{"start":{"line":71,"column":13},"end":{"line":71,"column":14}},"loc":{"start":{"line":71,"column":20},"end":{"line":73,"column":7}},"line":71},"16":{"name":"(anonymous_16)","decl":{"start":{"line":77,"column":26},"end":{"line":77,"column":27}},"loc":{"start":{"line":77,"column":40},"end":{"line":87,"column":1}},"line":77},"17":{"name":"(anonymous_17)","decl":{"start":{"line":78,"column":31},"end":{"line":78,"column":32}},"loc":{"start":{"line":78,"column":52},"end":{"line":86,"column":3}},"line":78},"18":{"name":"(anonymous_18)","decl":{"start":{"line":80,"column":12},"end":{"line":80,"column":13}},"loc":{"start":{"line":80,"column":22},"end":{"line":82,"column":7}},"line":80},"19":{"name":"(anonymous_19)","decl":{"start":{"line":83,"column":13},"end":{"line":83,"column":14}},"loc":{"start":{"line":83,"column":20},"end":{"line":85,"column":7}},"line":83},"20":{"name":"(anonymous_20)","decl":{"start":{"line":89,"column":25},"end":{"line":89,"column":26}},"loc":{"start":{"line":89,"column":39},"end":{"line":99,"column":1}},"line":89},"21":{"name":"(anonymous_21)","decl":{"start":{"line":90,"column":31},"end":{"line":90,"column":32}},"loc":{"start":{"line":90,"column":52},"end":{"line":98,"column":3}},"line":90},"22":{"name":"(anonymous_22)","decl":{"start":{"line":92,"column":12},"end":{"line":92,"column":13}},"loc":{"start":{"line":92,"column":22},"end":{"line":94,"column":7}},"line":92},"23":{"name":"(anonymous_23)","decl":{"start":{"line":95,"column":13},"end":{"line":95,"column":14}},"loc":{"start":{"line":95,"column":20},"end":{"line":97,"column":7}},"line":95},"24":{"name":"(anonymous_24)","decl":{"start":{"line":101,"column":24},"end":{"line":101,"column":25}},"loc":{"start":{"line":101,"column":38},"end":{"line":111,"column":1}},"line":101},"25":{"name":"(anonymous_25)","decl":{"start":{"line":102,"column":31},"end":{"line":102,"column":32}},"loc":{"start":{"line":102,"column":52},"end":{"line":110,"column":3}},"line":102},"26":{"name":"(anonymous_26)","decl":{"start":{"line":104,"column":12},"end":{"line":104,"column":13}},"loc":{"start":{"line":104,"column":22},"end":{"line":106,"column":7}},"line":104},"27":{"name":"(anonymous_27)","decl":{"start":{"line":107,"column":13},"end":{"line":107,"column":14}},"loc":{"start":{"line":107,"column":20},"end":{"line":109,"column":7}},"line":107},"28":{"name":"(anonymous_28)","decl":{"start":{"line":113,"column":23},"end":{"line":113,"column":24}},"loc":{"start":{"line":113,"column":43},"end":{"line":123,"column":1}},"line":113},"29":{"name":"(anonymous_29)","decl":{"start":{"line":114,"column":31},"end":{"line":114,"column":32}},"loc":{"start":{"line":114,"column":52},"end":{"line":122,"column":3}},"line":114},"30":{"name":"(anonymous_30)","decl":{"start":{"line":116,"column":12},"end":{"line":116,"column":13}},"loc":{"start":{"line":116,"column":22},"end":{"line":118,"column":7}},"line":116},"31":{"name":"(anonymous_31)","decl":{"start":{"line":119,"column":13},"end":{"line":119,"column":14}},"loc":{"start":{"line":119,"column":20},"end":{"line":121,"column":7}},"line":119}},"branchMap":{"0":{"loc":{"start":{"line":6,"column":15},"end":{"line":6,"column":34}},"type":"binary-expr","locations":[{"start":{"line":6,"column":15},"end":{"line":6,"column":29}},{"start":{"line":6,"column":33},"end":{"line":6,"column":34}}],"line":6},"1":{"loc":{"start":{"line":7,"column":16},"end":{"line":7,"column":36}},"type":"binary-expr","locations":[{"start":{"line":7,"column":16},"end":{"line":7,"column":31}},{"start":{"line":7,"column":35},"end":{"line":7,"column":36}}],"line":7},"2":{"loc":{"start":{"line":22,"column":15},"end":{"line":22,"column":34}},"type":"binary-expr","locations":[{"start":{"line":22,"column":15},"end":{"line":22,"column":29}},{"start":{"line":22,"column":33},"end":{"line":22,"column":34}}],"line":22},"3":{"loc":{"start":{"line":23,"column":16},"end":{"line":23,"column":36}},"type":"binary-expr","locations":[{"start":{"line":23,"column":16},"end":{"line":23,"column":31}},{"start":{"line":23,"column":35},"end":{"line":23,"column":36}}],"line":23}},"s":{"0":1,"1":1,"2":1,"3":1,"4":1,"5":1,"6":1,"7":1,"8":0,"9":1,"10":1,"11":1,"12":1,"13":1,"14":1,"15":1,"16":1,"17":1,"18":0,"19":1,"20":0,"21":0,"22":0,"23":0,"24":0,"25":0,"26":0,"27":0,"28":1,"29":0,"30":0,"31":0,"32":0,"33":0,"34":0,"35":0,"36":0,"37":0,"38":1,"39":0,"40":0,"41":0,"42":0,"43":1,"44":0,"45":0,"46":0,"47":0,"48":1,"49":0,"50":0,"51":0,"52":0,"53":1,"54":0,"55":0,"56":0,"57":0},"f":{"0":1,"1":1,"2":1,"3":0,"4":1,"5":1,"6":1,"7":0,"8":0,"9":0,"10":0,"11":0,"12":0,"13":0,"14":0,"15":0,"16":0,"17":0,"18":0,"19":0,"20":0,"21":0,"22":0,"23":0,"24":0,"25":0,"26":0,"27":0,"28":0,"29":0,"30":0,"31":0},"b":{"0":[1,1],"1":[1,0],"2":[1,1],"3":[1,1]},"_coverageSchema":"1a1c01bbd47fc00a2c39e90264f33305004495a9","hash":"4eb5b303d780a633a4aec91beb2ced055a9d634f"}
,"/Users/uchchas/Documents/hackreactor/sdc/questions-and-answers/server/db/postgres.js": {"path":"/Users/uchchas/Documents/hackreactor/sdc/questions-and-answers/server/db/postgres.js","statementMap":{"0":{"start":{"line":8,"column":0},"end":{"line":8,"column":47}},"1":{"start":{"line":9,"column":12},"end":{"line":9,"column":35}},"2":{"start":{"line":11,"column":19},"end":{"line":17,"column":2}},"3":{"start":{"line":19,"column":0},"end":{"line":19,"column":28}}},"fnMap":{},"branchMap":{},"s":{"0":1,"1":1,"2":1,"3":1},"f":{},"b":{},"_coverageSchema":"1a1c01bbd47fc00a2c39e90264f33305004495a9","hash":"cd5757ee267949d71ef492d1837ae40b2ca9cc8a"}
,"/Users/uchchas/Documents/hackreactor/sdc/questions-and-answers/server/models/models.js": {"path":"/Users/uchchas/Documents/hackreactor/sdc/questions-and-answers/server/models/models.js","statementMap":{"0":{"start":{"line":3,"column":11},"end":{"line":3,"column":39}},"1":{"start":{"line":5,"column":0},"end":{"line":75,"column":1}},"2":{"start":{"line":6,"column":22},"end":{"line":16,"column":23}},"3":{"start":{"line":18,"column":20},"end":{"line":26,"column":53}},"4":{"start":{"line":28,"column":19},"end":{"line":32,"column":23}},"5":{"start":{"line":34,"column":2},"end":{"line":74,"column":4}},"6":{"start":{"line":35,"column":21},"end":{"line":35,"column":23}},"7":{"start":{"line":36,"column":20},"end":{"line":39,"column":5}},"8":{"start":{"line":42,"column":4},"end":{"line":72,"column":8}},"9":{"start":{"line":44,"column":26},"end":{"line":69,"column":10}},"10":{"start":{"line":45,"column":10},"end":{"line":45,"column":32}},"11":{"start":{"line":47,"column":10},"end":{"line":68,"column":14}},"12":{"start":{"line":49,"column":31},"end":{"line":49,"column":33}},"13":{"start":{"line":50,"column":30},"end":{"line":66,"column":16}},"14":{"start":{"line":51,"column":16},"end":{"line":51,"column":47}},"15":{"start":{"line":52,"column":16},"end":{"line":52,"column":46}},"16":{"start":{"line":55,"column":16},"end":{"line":65,"column":20}},"17":{"start":{"line":57,"column":20},"end":{"line":64,"column":21}},"18":{"start":{"line":58,"column":22},"end":{"line":58,"column":41}},"19":{"start":{"line":59,"column":22},"end":{"line":61,"column":24}},"20":{"start":{"line":60,"column":24},"end":{"line":60,"column":54}},"21":{"start":{"line":63,"column":22},"end":{"line":63,"column":45}},"22":{"start":{"line":67,"column":14},"end":{"line":67,"column":37}},"23":{"start":{"line":70,"column":8},"end":{"line":70,"column":33}},"24":{"start":{"line":71,"column":8},"end":{"line":71,"column":41}},"25":{"start":{"line":73,"column":6},"end":{"line":73,"column":23}},"26":{"start":{"line":77,"column":0},"end":{"line":98,"column":2}},"27":{"start":{"line":78,"column":17},"end":{"line":95,"column":23}},"28":{"start":{"line":97,"column":2},"end":{"line":97,"column":69}},"29":{"start":{"line":100,"column":0},"end":{"line":115,"column":2}},"30":{"start":{"line":101,"column":17},"end":{"line":112,"column":72}},"31":{"start":{"line":114,"column":2},"end":{"line":114,"column":61}},"32":{"start":{"line":117,"column":0},"end":{"line":148,"column":2}},"33":{"start":{"line":118,"column":23},"end":{"line":129,"column":72}},"34":{"start":{"line":131,"column":22},"end":{"line":136,"column":16}},"35":{"start":{"line":138,"column":2},"end":{"line":147,"column":4}},"36":{"start":{"line":139,"column":4},"end":{"line":146,"column":8}},"37":{"start":{"line":141,"column":8},"end":{"line":141,"column":38}},"38":{"start":{"line":144,"column":8},"end":{"line":144,"column":50}},"39":{"start":{"line":150,"column":0},"end":{"line":157,"column":2}},"40":{"start":{"line":151,"column":17},"end":{"line":154,"column":18}},"41":{"start":{"line":156,"column":2},"end":{"line":156,"column":42}},"42":{"start":{"line":159,"column":0},"end":{"line":166,"column":2}},"43":{"start":{"line":160,"column":17},"end":{"line":163,"column":18}},"44":{"start":{"line":165,"column":2},"end":{"line":165,"column":42}},"45":{"start":{"line":168,"column":0},"end":{"line":175,"column":2}},"46":{"start":{"line":169,"column":17},"end":{"line":172,"column":18}},"47":{"start":{"line":174,"column":2},"end":{"line":174,"column":40}},"48":{"start":{"line":177,"column":0},"end":{"line":184,"column":2}},"49":{"start":{"line":178,"column":17},"end":{"line":181,"column":18}},"50":{"start":{"line":183,"column":2},"end":{"line":183,"column":40}}},"fnMap":{"0":{"name":"(anonymous_0)","decl":{"start":{"line":5,"column":24},"end":{"line":5,"column":25}},"loc":{"start":{"line":5,"column":52},"end":{"line":75,"column":1}},"line":5},"1":{"name":"(anonymous_1)","decl":{"start":{"line":34,"column":17},"end":{"line":34,"column":18}},"loc":{"start":{"line":34,"column":28},"end":{"line":74,"column":3}},"line":34},"2":{"name":"(anonymous_2)","decl":{"start":{"line":43,"column":12},"end":{"line":43,"column":13}},"loc":{"start":{"line":43,"column":34},"end":{"line":72,"column":7}},"line":43},"3":{"name":"(anonymous_3)","decl":{"start":{"line":44,"column":43},"end":{"line":44,"column":44}},"loc":{"start":{"line":44,"column":61},"end":{"line":69,"column":9}},"line":44},"4":{"name":"(anonymous_4)","decl":{"start":{"line":48,"column":18},"end":{"line":48,"column":19}},"loc":{"start":{"line":48,"column":34},"end":{"line":68,"column":13}},"line":48},"5":{"name":"(anonymous_5)","decl":{"start":{"line":50,"column":41},"end":{"line":50,"column":42}},"loc":{"start":{"line":50,"column":57},"end":{"line":66,"column":15}},"line":50},"6":{"name":"(anonymous_6)","decl":{"start":{"line":56,"column":24},"end":{"line":56,"column":25}},"loc":{"start":{"line":56,"column":34},"end":{"line":65,"column":19}},"line":56},"7":{"name":"(anonymous_7)","decl":{"start":{"line":59,"column":37},"end":{"line":59,"column":38}},"loc":{"start":{"line":59,"column":46},"end":{"line":61,"column":23}},"line":59},"8":{"name":"(anonymous_8)","decl":{"start":{"line":77,"column":22},"end":{"line":77,"column":23}},"loc":{"start":{"line":77,"column":51},"end":{"line":98,"column":1}},"line":77},"9":{"name":"(anonymous_9)","decl":{"start":{"line":100,"column":25},"end":{"line":100,"column":26}},"loc":{"start":{"line":100,"column":60},"end":{"line":115,"column":1}},"line":100},"10":{"name":"(anonymous_10)","decl":{"start":{"line":117,"column":23},"end":{"line":117,"column":24}},"loc":{"start":{"line":117,"column":73},"end":{"line":148,"column":1}},"line":117},"11":{"name":"(anonymous_11)","decl":{"start":{"line":138,"column":17},"end":{"line":138,"column":18}},"loc":{"start":{"line":138,"column":28},"end":{"line":147,"column":3}},"line":138},"12":{"name":"(anonymous_12)","decl":{"start":{"line":140,"column":12},"end":{"line":140,"column":13}},"loc":{"start":{"line":140,"column":22},"end":{"line":142,"column":7}},"line":140},"13":{"name":"(anonymous_13)","decl":{"start":{"line":143,"column":13},"end":{"line":143,"column":14}},"loc":{"start":{"line":143,"column":20},"end":{"line":146,"column":7}},"line":143},"14":{"name":"(anonymous_14)","decl":{"start":{"line":150,"column":32},"end":{"line":150,"column":33}},"loc":{"start":{"line":150,"column":48},"end":{"line":157,"column":1}},"line":150},"15":{"name":"(anonymous_15)","decl":{"start":{"line":159,"column":31},"end":{"line":159,"column":32}},"loc":{"start":{"line":159,"column":47},"end":{"line":166,"column":1}},"line":159},"16":{"name":"(anonymous_16)","decl":{"start":{"line":168,"column":30},"end":{"line":168,"column":31}},"loc":{"start":{"line":168,"column":44},"end":{"line":175,"column":1}},"line":168},"17":{"name":"(anonymous_17)","decl":{"start":{"line":177,"column":29},"end":{"line":177,"column":30}},"loc":{"start":{"line":177,"column":43},"end":{"line":184,"column":1}},"line":177}},"branchMap":{"0":{"loc":{"start":{"line":57,"column":20},"end":{"line":64,"column":21}},"type":"if","locations":[{"start":{"line":57,"column":20},"end":{"line":64,"column":21}},{"start":{"line":62,"column":27},"end":{"line":64,"column":21}}],"line":57}},"s":{"0":1,"1":1,"2":1,"3":1,"4":1,"5":1,"6":1,"7":1,"8":1,"9":1,"10":4,"11":4,"12":4,"13":4,"14":12,"15":12,"16":12,"17":12,"18":2,"19":2,"20":5,"21":10,"22":4,"23":1,"24":1,"25":1,"26":1,"27":1,"28":1,"29":1,"30":0,"31":0,"32":1,"33":0,"34":0,"35":0,"36":0,"37":0,"38":0,"39":1,"40":0,"41":0,"42":1,"43":0,"44":0,"45":1,"46":0,"47":0,"48":1,"49":0,"50":0},"f":{"0":1,"1":1,"2":1,"3":4,"4":4,"5":12,"6":12,"7":5,"8":1,"9":0,"10":0,"11":0,"12":0,"13":0,"14":0,"15":0,"16":0,"17":0},"b":{"0":[2,10]},"_coverageSchema":"1a1c01bbd47fc00a2c39e90264f33305004495a9","hash":"d86d58b0480cbcd1b064d6d8a893d27aa26cec78"}
}
