TN:
SF:server/index.js
FN:10,(anonymous_0)
FN:18,(anonymous_1)
FN:26,(anonymous_2)
FN:33,(anonymous_3)
FN:41,(anonymous_4)
FN:48,(anonymous_5)
FN:55,(anonymous_6)
FN:62,(anonymous_7)
FN:69,(anonymous_8)
FN:73,(anonymous_9)
FNF:10
FNH:3
FNDA:0,(anonymous_0)
FNDA:1,(anonymous_1)
FNDA:1,(anonymous_2)
FNDA:0,(anonymous_3)
FNDA:0,(anonymous_4)
FNDA:0,(anonymous_5)
FNDA:0,(anonymous_6)
FNDA:0,(anonymous_7)
FNDA:0,(anonymous_8)
FNDA:1,(anonymous_9)
DA:1,1
DA:2,1
DA:3,1
DA:4,1
DA:5,1
DA:6,1
DA:8,1
DA:10,1
DA:11,0
DA:18,1
DA:19,1
DA:26,1
DA:27,1
DA:33,1
DA:34,0
DA:41,1
DA:42,0
DA:48,1
DA:49,0
DA:55,1
DA:56,0
DA:62,1
DA:63,0
DA:69,1
DA:70,0
DA:73,1
DA:74,1
DA:77,1
LF:28
LH:21
BRF:0
BRH:0
end_of_record
TN:
SF:server/controllers/controllers.js
FN:3,(anonymous_0)
FN:4,(anonymous_1)
FN:10,(anonymous_2)
FN:13,(anonymous_3)
FN:19,(anonymous_4)
FN:20,(anonymous_5)
FN:32,(anonymous_6)
FN:36,(anonymous_7)
FN:42,(anonymous_8)
FN:43,(anonymous_9)
FN:50,(anonymous_10)
FN:53,(anonymous_11)
FN:59,(anonymous_12)
FN:60,(anonymous_13)
FN:68,(anonymous_14)
FN:71,(anonymous_15)
FN:77,(anonymous_16)
FN:78,(anonymous_17)
FN:80,(anonymous_18)
FN:83,(anonymous_19)
FN:89,(anonymous_20)
FN:90,(anonymous_21)
FN:92,(anonymous_22)
FN:95,(anonymous_23)
FN:101,(anonymous_24)
FN:102,(anonymous_25)
FN:104,(anonymous_26)
FN:107,(anonymous_27)
FN:113,(anonymous_28)
FN:114,(anonymous_29)
FN:116,(anonymous_30)
FN:119,(anonymous_31)
FNF:32
FNH:6
FNDA:1,(anonymous_0)
FNDA:1,(anonymous_1)
FNDA:1,(anonymous_2)
FNDA:0,(anonymous_3)
FNDA:1,(anonymous_4)
FNDA:1,(anonymous_5)
FNDA:1,(anonymous_6)
FNDA:0,(anonymous_7)
FNDA:0,(anonymous_8)
FNDA:0,(anonymous_9)
FNDA:0,(anonymous_10)
FNDA:0,(anonymous_11)
FNDA:0,(anonymous_12)
FNDA:0,(anonymous_13)
FNDA:0,(anonymous_14)
FNDA:0,(anonymous_15)
FNDA:0,(anonymous_16)
FNDA:0,(anonymous_17)
FNDA:0,(anonymous_18)
FNDA:0,(anonymous_19)
FNDA:0,(anonymous_20)
FNDA:0,(anonymous_21)
FNDA:0,(anonymous_22)
FNDA:0,(anonymous_23)
FNDA:0,(anonymous_24)
FNDA:0,(anonymous_25)
FNDA:0,(anonymous_26)
FNDA:0,(anonymous_27)
FNDA:0,(anonymous_28)
FNDA:0,(anonymous_29)
FNDA:0,(anonymous_30)
FNDA:0,(anonymous_31)
DA:1,1
DA:3,1
DA:4,1
DA:5,1
DA:6,1
DA:7,1
DA:9,1
DA:11,1
DA:14,0
DA:19,1
DA:20,1
DA:21,1
DA:22,1
DA:23,1
DA:24,1
DA:31,1
DA:33,1
DA:34,1
DA:37,0
DA:42,1
DA:43,0
DA:44,0
DA:45,0
DA:46,0
DA:47,0
DA:49,0
DA:51,0
DA:54,0
DA:59,1
DA:60,0
DA:61,0
DA:62,0
DA:63,0
DA:64,0
DA:65,0
DA:67,0
DA:69,0
DA:72,0
DA:77,1
DA:78,0
DA:79,0
DA:81,0
DA:84,0
DA:89,1
DA:90,0
DA:91,0
DA:93,0
DA:96,0
DA:101,1
DA:102,0
DA:103,0
DA:105,0
DA:108,0
DA:113,1
DA:114,0
DA:115,0
DA:117,0
DA:120,0
LF:58
LH:23
BRDA:6,0,0,1
BRDA:6,0,1,1
BRDA:7,1,0,1
BRDA:7,1,1,0
BRDA:22,2,0,1
BRDA:22,2,1,1
BRDA:23,3,0,1
BRDA:23,3,1,1
BRF:8
BRH:7
end_of_record
TN:
SF:server/db/postgres.js
FNF:0
FNH:0
DA:8,1
DA:9,1
DA:11,1
DA:19,1
LF:4
LH:4
BRF:0
BRH:0
end_of_record
TN:
SF:server/models/models.js
FN:5,(anonymous_0)
FN:34,(anonymous_1)
FN:43,(anonymous_2)
FN:44,(anonymous_3)
FN:48,(anonymous_4)
FN:50,(anonymous_5)
FN:56,(anonymous_6)
FN:59,(anonymous_7)
FN:77,(anonymous_8)
FN:100,(anonymous_9)
FN:117,(anonymous_10)
FN:138,(anonymous_11)
FN:140,(anonymous_12)
FN:143,(anonymous_13)
FN:150,(anonymous_14)
FN:159,(anonymous_15)
FN:168,(anonymous_16)
FN:177,(anonymous_17)
FNF:18
FNH:9
FNDA:1,(anonymous_0)
FNDA:1,(anonymous_1)
FNDA:1,(anonymous_2)
FNDA:4,(anonymous_3)
FNDA:4,(anonymous_4)
FNDA:12,(anonymous_5)
FNDA:12,(anonymous_6)
FNDA:5,(anonymous_7)
FNDA:1,(anonymous_8)
FNDA:0,(anonymous_9)
FNDA:0,(anonymous_10)
FNDA:0,(anonymous_11)
FNDA:0,(anonymous_12)
FNDA:0,(anonymous_13)
FNDA:0,(anonymous_14)
FNDA:0,(anonymous_15)
FNDA:0,(anonymous_16)
FNDA:0,(anonymous_17)
DA:3,1
DA:5,1
DA:6,1
DA:18,1
DA:28,1
DA:34,1
DA:35,1
DA:36,1
DA:42,1
DA:44,1
DA:45,4
DA:47,4
DA:49,4
DA:50,4
DA:51,12
DA:52,12
DA:55,12
DA:57,12
DA:58,2
DA:59,2
DA:60,5
DA:63,10
DA:67,4
DA:70,1
DA:71,1
DA:73,1
DA:77,1
DA:78,1
DA:97,1
DA:100,1
DA:101,0
DA:114,0
DA:117,1
DA:118,0
DA:131,0
DA:138,0
DA:139,0
DA:141,0
DA:144,0
DA:150,1
DA:151,0
DA:156,0
DA:159,1
DA:160,0
DA:165,0
DA:168,1
DA:169,0
DA:174,0
DA:177,1
DA:178,0
DA:183,0
LF:51
LH:35
BRDA:57,0,0,2
BRDA:57,0,1,10
BRF:2
BRH:2
end_of_record
